{"/Users/lambda/Desktop/personal-learning/stack_overflow_clone/__test__/db.js": {"path":"/Users/lambda/Desktop/personal-learning/stack_overflow_clone/__test__/db.js","statementMap":{"0":{"start":{"line":8,"column":4},"end":{"line":8,"column":16}},"1":{"start":{"line":13,"column":25},"end":{"line":14,"column":65}},"2":{"start":{"line":15,"column":20},"end":{"line":15,"column":51}},"3":{"start":{"line":16,"column":4},"end":{"line":16,"column":19}},"4":{"start":{"line":20,"column":17},"end":{"line":20,"column":82}},"5":{"start":{"line":21,"column":17},"end":{"line":21,"column":46}},"6":{"start":{"line":22,"column":4},"end":{"line":22,"column":16}},"7":{"start":{"line":26,"column":17},"end":{"line":26,"column":48}},"8":{"start":{"line":27,"column":21},"end":{"line":27,"column":105}},"9":{"start":{"line":28,"column":4},"end":{"line":28,"column":30}},"10":{"start":{"line":32,"column":4},"end":{"line":32,"column":33}}},"fnMap":{"0":{"name":"(anonymous_0)","decl":{"start":{"line":7,"column":2},"end":{"line":7,"column":3}},"loc":{"start":{"line":7,"column":21},"end":{"line":9,"column":3}},"line":7},"1":{"name":"(anonymous_1)","decl":{"start":{"line":11,"column":2},"end":{"line":11,"column":3}},"loc":{"start":{"line":11,"column":25},"end":{"line":17,"column":3}},"line":11},"2":{"name":"(anonymous_2)","decl":{"start":{"line":19,"column":2},"end":{"line":19,"column":3}},"loc":{"start":{"line":19,"column":28},"end":{"line":23,"column":3}},"line":19},"3":{"name":"(anonymous_3)","decl":{"start":{"line":25,"column":2},"end":{"line":25,"column":3}},"loc":{"start":{"line":25,"column":32},"end":{"line":29,"column":3}},"line":25},"4":{"name":"(anonymous_4)","decl":{"start":{"line":31,"column":2},"end":{"line":31,"column":3}},"loc":{"start":{"line":31,"column":24},"end":{"line":33,"column":3}},"line":31}},"branchMap":{},"s":{"0":3,"1":3,"2":3,"3":3,"4":3,"5":3,"6":3,"7":2,"8":2,"9":2,"10":3},"f":{"0":3,"1":3,"2":3,"3":2,"4":3},"b":{},"_coverageSchema":"1a1c01bbd47fc00a2c39e90264f33305004495a9","hash":"7499a11e8bd9afbdc5ecda7d6fa3421397bdf7a6"}
,"/Users/lambda/Desktop/personal-learning/stack_overflow_clone/__test__/index.js": {"path":"/Users/lambda/Desktop/personal-learning/stack_overflow_clone/__test__/index.js","statementMap":{"0":{"start":{"line":5,"column":2},"end":{"line":5,"column":25}}},"fnMap":{"0":{"name":"requestServer","decl":{"start":{"line":4,"column":9},"end":{"line":4,"column":22}},"loc":{"start":{"line":4,"column":25},"end":{"line":6,"column":1}},"line":4}},"branchMap":{},"s":{"0":20},"f":{"0":20},"b":{},"_coverageSchema":"1a1c01bbd47fc00a2c39e90264f33305004495a9","hash":"a27ad1c45d9567bab7045f5f47a6162af374d2bb"}
,"/Users/lambda/Desktop/personal-learning/stack_overflow_clone/src/server.js": {"path":"/Users/lambda/Desktop/personal-learning/stack_overflow_clone/src/server.js","statementMap":{"0":{"start":{"line":9,"column":12},"end":{"line":9,"column":21}},"1":{"start":{"line":11,"column":0},"end":{"line":11,"column":18}},"2":{"start":{"line":12,"column":0},"end":{"line":12,"column":23}},"3":{"start":{"line":13,"column":0},"end":{"line":13,"column":24}},"4":{"start":{"line":14,"column":0},"end":{"line":14,"column":49}},"5":{"start":{"line":15,"column":0},"end":{"line":15,"column":54}}},"fnMap":{},"branchMap":{},"s":{"0":3,"1":3,"2":3,"3":3,"4":3,"5":3},"f":{},"b":{},"_coverageSchema":"1a1c01bbd47fc00a2c39e90264f33305004495a9","hash":"eecaf8fa1cb5a83f42ab477882526758b38fbb8f"}
,"/Users/lambda/Desktop/personal-learning/stack_overflow_clone/src/config/db.config.js": {"path":"/Users/lambda/Desktop/personal-learning/stack_overflow_clone/src/config/db.config.js","statementMap":{"0":{"start":{"line":5,"column":0},"end":{"line":21,"column":1}},"1":{"start":{"line":7,"column":4},"end":{"line":7,"column":42}},"2":{"start":{"line":8,"column":4},"end":{"line":8,"column":10}},"3":{"start":{"line":10,"column":4},"end":{"line":10,"column":13}},"4":{"start":{"line":11,"column":4},"end":{"line":11,"column":10}},"5":{"start":{"line":13,"column":4},"end":{"line":13,"column":13}},"6":{"start":{"line":14,"column":4},"end":{"line":14,"column":10}},"7":{"start":{"line":16,"column":4},"end":{"line":16,"column":13}},"8":{"start":{"line":17,"column":4},"end":{"line":17,"column":10}},"9":{"start":{"line":19,"column":4},"end":{"line":19,"column":38}},"10":{"start":{"line":20,"column":4},"end":{"line":20,"column":10}},"11":{"start":{"line":24,"column":2},"end":{"line":24,"column":84}}},"fnMap":{"0":{"name":"db","decl":{"start":{"line":23,"column":9},"end":{"line":23,"column":11}},"loc":{"start":{"line":23,"column":14},"end":{"line":25,"column":1}},"line":23}},"branchMap":{"0":{"loc":{"start":{"line":5,"column":0},"end":{"line":21,"column":1}},"type":"switch","locations":[{"start":{"line":6,"column":2},"end":{"line":8,"column":10}},{"start":{"line":9,"column":2},"end":{"line":11,"column":10}},{"start":{"line":12,"column":2},"end":{"line":14,"column":10}},{"start":{"line":15,"column":2},"end":{"line":17,"column":10}},{"start":{"line":18,"column":2},"end":{"line":20,"column":10}}],"line":5}},"s":{"0":3,"1":3,"2":3,"3":0,"4":0,"5":0,"6":0,"7":0,"8":0,"9":0,"10":0,"11":3},"f":{"0":3},"b":{"0":[3,0,0,0,0]},"_coverageSchema":"1a1c01bbd47fc00a2c39e90264f33305004495a9","hash":"f8cecb2b2693971405df258a8c878deec343ccd8"}
,"/Users/lambda/Desktop/personal-learning/stack_overflow_clone/src/controller/answer.controller.js": {"path":"/Users/lambda/Desktop/personal-learning/stack_overflow_clone/src/controller/answer.controller.js","statementMap":{"0":{"start":{"line":5,"column":4},"end":{"line":5,"column":23}},"1":{"start":{"line":6,"column":4},"end":{"line":6,"column":57}},"2":{"start":{"line":7,"column":4},"end":{"line":7,"column":51}},"3":{"start":{"line":11,"column":4},"end":{"line":17,"column":5}},"4":{"start":{"line":12,"column":31},"end":{"line":12,"column":41}},"5":{"start":{"line":13,"column":21},"end":{"line":13,"column":87}},"6":{"start":{"line":14,"column":6},"end":{"line":14,"column":42}},"7":{"start":{"line":16,"column":6},"end":{"line":16,"column":51}},"8":{"start":{"line":21,"column":4},"end":{"line":28,"column":5}},"9":{"start":{"line":22,"column":27},"end":{"line":22,"column":37}},"10":{"start":{"line":23,"column":22},"end":{"line":23,"column":67}},"11":{"start":{"line":24,"column":6},"end":{"line":24,"column":78}},"12":{"start":{"line":24,"column":32},"end":{"line":24,"column":78}},"13":{"start":{"line":25,"column":6},"end":{"line":25,"column":43}},"14":{"start":{"line":27,"column":6},"end":{"line":27,"column":51}}},"fnMap":{"0":{"name":"(anonymous_0)","decl":{"start":{"line":4,"column":2},"end":{"line":4,"column":3}},"loc":{"start":{"line":4,"column":21},"end":{"line":8,"column":3}},"line":4},"1":{"name":"(anonymous_1)","decl":{"start":{"line":10,"column":2},"end":{"line":10,"column":3}},"loc":{"start":{"line":10,"column":33},"end":{"line":18,"column":3}},"line":10},"2":{"name":"(anonymous_2)","decl":{"start":{"line":20,"column":2},"end":{"line":20,"column":3}},"loc":{"start":{"line":20,"column":30},"end":{"line":29,"column":3}},"line":20}},"branchMap":{"0":{"loc":{"start":{"line":24,"column":6},"end":{"line":24,"column":78}},"type":"if","locations":[{"start":{"line":24,"column":6},"end":{"line":24,"column":78}},{"start":{"line":24,"column":6},"end":{"line":24,"column":78}}],"line":24}},"s":{"0":3,"1":3,"2":3,"3":1,"4":1,"5":1,"6":1,"7":0,"8":1,"9":1,"10":1,"11":1,"12":0,"13":1,"14":0},"f":{"0":3,"1":1,"2":1},"b":{"0":[0,1]},"_coverageSchema":"1a1c01bbd47fc00a2c39e90264f33305004495a9","hash":"3fc5cb8ceb232fe202535136f3cb06e5bb0c5b9b"}
,"/Users/lambda/Desktop/personal-learning/stack_overflow_clone/src/controller/question.controller.js": {"path":"/Users/lambda/Desktop/personal-learning/stack_overflow_clone/src/controller/question.controller.js","statementMap":{"0":{"start":{"line":6,"column":4},"end":{"line":6,"column":23}},"1":{"start":{"line":7,"column":4},"end":{"line":7,"column":51}},"2":{"start":{"line":8,"column":4},"end":{"line":8,"column":53}},"3":{"start":{"line":12,"column":4},"end":{"line":18,"column":5}},"4":{"start":{"line":13,"column":21},"end":{"line":13,"column":31}},"5":{"start":{"line":14,"column":23},"end":{"line":14,"column":76}},"6":{"start":{"line":15,"column":6},"end":{"line":15,"column":44}},"7":{"start":{"line":17,"column":6},"end":{"line":17,"column":51}},"8":{"start":{"line":22,"column":4},"end":{"line":29,"column":5}},"9":{"start":{"line":23,"column":21},"end":{"line":23,"column":31}},"10":{"start":{"line":24,"column":23},"end":{"line":24,"column":67}},"11":{"start":{"line":25,"column":6},"end":{"line":25,"column":73}},"12":{"start":{"line":25,"column":21},"end":{"line":25,"column":73}},"13":{"start":{"line":26,"column":6},"end":{"line":26,"column":44}},"14":{"start":{"line":28,"column":6},"end":{"line":28,"column":51}},"15":{"start":{"line":33,"column":23},"end":{"line":33,"column":26}},"16":{"start":{"line":34,"column":23},"end":{"line":34,"column":31}},"17":{"start":{"line":35,"column":4},"end":{"line":35,"column":33}},"18":{"start":{"line":36,"column":4},"end":{"line":36,"column":37}},"19":{"start":{"line":37,"column":4},"end":{"line":37,"column":42}},"20":{"start":{"line":41,"column":23},"end":{"line":41,"column":26}},"21":{"start":{"line":42,"column":23},"end":{"line":42,"column":31}},"22":{"start":{"line":43,"column":4},"end":{"line":43,"column":35}},"23":{"start":{"line":44,"column":4},"end":{"line":44,"column":37}},"24":{"start":{"line":45,"column":4},"end":{"line":45,"column":42}},"25":{"start":{"line":49,"column":4},"end":{"line":56,"column":5}},"26":{"start":{"line":50,"column":33},"end":{"line":50,"column":36}},"27":{"start":{"line":51,"column":6},"end":{"line":51,"column":49}},"28":{"start":{"line":52,"column":6},"end":{"line":52,"column":28}},"29":{"start":{"line":53,"column":6},"end":{"line":53,"column":44}},"30":{"start":{"line":55,"column":6},"end":{"line":55,"column":51}},"31":{"start":{"line":60,"column":17},"end":{"line":60,"column":56}}},"fnMap":{"0":{"name":"(anonymous_0)","decl":{"start":{"line":5,"column":2},"end":{"line":5,"column":3}},"loc":{"start":{"line":5,"column":21},"end":{"line":9,"column":3}},"line":5},"1":{"name":"(anonymous_1)","decl":{"start":{"line":11,"column":2},"end":{"line":11,"column":3}},"loc":{"start":{"line":11,"column":30},"end":{"line":19,"column":3}},"line":11},"2":{"name":"(anonymous_2)","decl":{"start":{"line":21,"column":2},"end":{"line":21,"column":3}},"loc":{"start":{"line":21,"column":31},"end":{"line":30,"column":3}},"line":21},"3":{"name":"(anonymous_3)","decl":{"start":{"line":32,"column":2},"end":{"line":32,"column":3}},"loc":{"start":{"line":32,"column":25},"end":{"line":38,"column":3}},"line":32},"4":{"name":"(anonymous_4)","decl":{"start":{"line":40,"column":2},"end":{"line":40,"column":3}},"loc":{"start":{"line":40,"column":27},"end":{"line":46,"column":3}},"line":40},"5":{"name":"(anonymous_5)","decl":{"start":{"line":48,"column":2},"end":{"line":48,"column":3}},"loc":{"start":{"line":48,"column":28},"end":{"line":57,"column":3}},"line":48}},"branchMap":{"0":{"loc":{"start":{"line":25,"column":6},"end":{"line":25,"column":73}},"type":"if","locations":[{"start":{"line":25,"column":6},"end":{"line":25,"column":73}},{"start":{"line":25,"column":6},"end":{"line":25,"column":73}}],"line":25}},"s":{"0":3,"1":3,"2":3,"3":1,"4":1,"5":1,"6":1,"7":0,"8":2,"9":2,"10":2,"11":2,"12":1,"13":1,"14":0,"15":1,"16":1,"17":1,"18":1,"19":1,"20":1,"21":1,"22":1,"23":1,"24":1,"25":1,"26":1,"27":1,"28":1,"29":1,"30":0,"31":3},"f":{"0":3,"1":1,"2":2,"3":1,"4":1,"5":1},"b":{"0":[1,1]},"_coverageSchema":"1a1c01bbd47fc00a2c39e90264f33305004495a9","hash":"f77ab1aa43f1b64e5701a30c396fa31a292801a0"}
,"/Users/lambda/Desktop/personal-learning/stack_overflow_clone/src/controller/user.controler.js": {"path":"/Users/lambda/Desktop/personal-learning/stack_overflow_clone/src/controller/user.controler.js","statementMap":{"0":{"start":{"line":7,"column":4},"end":{"line":7,"column":23}},"1":{"start":{"line":8,"column":4},"end":{"line":8,"column":19}},"2":{"start":{"line":9,"column":4},"end":{"line":9,"column":49}},"3":{"start":{"line":10,"column":4},"end":{"line":10,"column":47}},"4":{"start":{"line":11,"column":4},"end":{"line":11,"column":49}},"5":{"start":{"line":15,"column":21},"end":{"line":15,"column":24}},"6":{"start":{"line":16,"column":4},"end":{"line":22,"column":5}},"7":{"start":{"line":17,"column":19},"end":{"line":17,"column":52}},"8":{"start":{"line":18,"column":6},"end":{"line":18,"column":40}},"9":{"start":{"line":20,"column":6},"end":{"line":20,"column":27}},"10":{"start":{"line":21,"column":6},"end":{"line":21,"column":51}},"11":{"start":{"line":26,"column":21},"end":{"line":26,"column":24}},"12":{"start":{"line":27,"column":18},"end":{"line":27,"column":46}},"13":{"start":{"line":28,"column":4},"end":{"line":34,"column":7}},"14":{"start":{"line":38,"column":4},"end":{"line":43,"column":5}},"15":{"start":{"line":39,"column":19},"end":{"line":39,"column":69}},"16":{"start":{"line":40,"column":6},"end":{"line":40,"column":40}},"17":{"start":{"line":42,"column":6},"end":{"line":42,"column":51}},"18":{"start":{"line":47,"column":13},"end":{"line":47,"column":44}}},"fnMap":{"0":{"name":"(anonymous_0)","decl":{"start":{"line":6,"column":2},"end":{"line":6,"column":3}},"loc":{"start":{"line":6,"column":21},"end":{"line":12,"column":3}},"line":6},"1":{"name":"(anonymous_1)","decl":{"start":{"line":14,"column":2},"end":{"line":14,"column":3}},"loc":{"start":{"line":14,"column":29},"end":{"line":23,"column":3}},"line":14},"2":{"name":"(anonymous_2)","decl":{"start":{"line":25,"column":2},"end":{"line":25,"column":3}},"loc":{"start":{"line":25,"column":28},"end":{"line":35,"column":3}},"line":25},"3":{"name":"(anonymous_3)","decl":{"start":{"line":37,"column":2},"end":{"line":37,"column":3}},"loc":{"start":{"line":37,"column":29},"end":{"line":44,"column":3}},"line":37}},"branchMap":{},"s":{"0":3,"1":3,"2":3,"3":3,"4":3,"5":1,"6":1,"7":1,"8":1,"9":0,"10":0,"11":1,"12":1,"13":1,"14":1,"15":1,"16":1,"17":0,"18":3},"f":{"0":3,"1":1,"2":1,"3":1},"b":{},"_coverageSchema":"1a1c01bbd47fc00a2c39e90264f33305004495a9","hash":"3b417a1dde1cbf48fc585cab811d17341bf328ca"}
,"/Users/lambda/Desktop/personal-learning/stack_overflow_clone/src/middleware/answer.middleware.js": {"path":"/Users/lambda/Desktop/personal-learning/stack_overflow_clone/src/middleware/answer.middleware.js","statementMap":{"0":{"start":{"line":5,"column":4},"end":{"line":7,"column":5}},"1":{"start":{"line":6,"column":6},"end":{"line":6,"column":20}},"2":{"start":{"line":8,"column":4},"end":{"line":8,"column":56}}},"fnMap":{"0":{"name":"(anonymous_0)","decl":{"start":{"line":4,"column":2},"end":{"line":4,"column":3}},"loc":{"start":{"line":4,"column":48},"end":{"line":9,"column":3}},"line":4}},"branchMap":{"0":{"loc":{"start":{"line":5,"column":4},"end":{"line":7,"column":5}},"type":"if","locations":[{"start":{"line":5,"column":4},"end":{"line":7,"column":5}},{"start":{"line":5,"column":4},"end":{"line":7,"column":5}}],"line":5}},"s":{"0":3,"1":2,"2":1},"f":{"0":3},"b":{"0":[2,1]},"_coverageSchema":"1a1c01bbd47fc00a2c39e90264f33305004495a9","hash":"3ab77ec20cf38be8520ab7e8146c5a998763e29a"}
,"/Users/lambda/Desktop/personal-learning/stack_overflow_clone/src/middleware/index.js": {"path":"/Users/lambda/Desktop/personal-learning/stack_overflow_clone/src/middleware/index.js","statementMap":{"0":{"start":{"line":5,"column":19},"end":{"line":5,"column":45}}},"fnMap":{},"branchMap":{},"s":{"0":3},"f":{},"b":{},"_coverageSchema":"1a1c01bbd47fc00a2c39e90264f33305004495a9","hash":"c3ee9d22dc6b11898ab9df8751e970aafb09c4ae"}
,"/Users/lambda/Desktop/personal-learning/stack_overflow_clone/src/middleware/question.middleware.js": {"path":"/Users/lambda/Desktop/personal-learning/stack_overflow_clone/src/middleware/question.middleware.js","statementMap":{"0":{"start":{"line":5,"column":4},"end":{"line":14,"column":5}},"1":{"start":{"line":6,"column":23},"end":{"line":6,"column":57}},"2":{"start":{"line":7,"column":6},"end":{"line":10,"column":7}},"3":{"start":{"line":8,"column":8},"end":{"line":8,"column":32}},"4":{"start":{"line":9,"column":8},"end":{"line":9,"column":20}},"5":{"start":{"line":11,"column":6},"end":{"line":11,"column":19}},"6":{"start":{"line":13,"column":6},"end":{"line":13,"column":19}},"7":{"start":{"line":18,"column":4},"end":{"line":20,"column":5}},"8":{"start":{"line":19,"column":6},"end":{"line":19,"column":20}},"9":{"start":{"line":21,"column":4},"end":{"line":21,"column":56}},"10":{"start":{"line":25,"column":25},"end":{"line":25,"column":28}},"11":{"start":{"line":26,"column":23},"end":{"line":26,"column":31}},"12":{"start":{"line":27,"column":30},"end":{"line":27,"column":61}},"13":{"start":{"line":28,"column":32},"end":{"line":28,"column":65}},"14":{"start":{"line":29,"column":4},"end":{"line":31,"column":5}},"15":{"start":{"line":30,"column":6},"end":{"line":30,"column":58}},"16":{"start":{"line":32,"column":4},"end":{"line":36,"column":5}},"17":{"start":{"line":33,"column":23},"end":{"line":33,"column":79}},"18":{"start":{"line":33,"column":58},"end":{"line":33,"column":78}},"19":{"start":{"line":34,"column":6},"end":{"line":34,"column":35}},"20":{"start":{"line":35,"column":6},"end":{"line":35,"column":30}},"21":{"start":{"line":37,"column":4},"end":{"line":37,"column":18}},"22":{"start":{"line":41,"column":25},"end":{"line":41,"column":28}},"23":{"start":{"line":42,"column":23},"end":{"line":42,"column":31}},"24":{"start":{"line":43,"column":30},"end":{"line":43,"column":61}},"25":{"start":{"line":44,"column":32},"end":{"line":44,"column":65}},"26":{"start":{"line":45,"column":4},"end":{"line":47,"column":5}},"27":{"start":{"line":46,"column":6},"end":{"line":46,"column":60}},"28":{"start":{"line":48,"column":4},"end":{"line":52,"column":5}},"29":{"start":{"line":49,"column":21},"end":{"line":49,"column":75}},"30":{"start":{"line":49,"column":54},"end":{"line":49,"column":74}},"31":{"start":{"line":50,"column":6},"end":{"line":50,"column":31}},"32":{"start":{"line":51,"column":6},"end":{"line":51,"column":30}},"33":{"start":{"line":53,"column":4},"end":{"line":53,"column":18}},"34":{"start":{"line":57,"column":25},"end":{"line":57,"column":28}},"35":{"start":{"line":58,"column":23},"end":{"line":58,"column":31}},"36":{"start":{"line":59,"column":31},"end":{"line":59,"column":71}},"37":{"start":{"line":60,"column":4},"end":{"line":62,"column":5}},"38":{"start":{"line":61,"column":6},"end":{"line":61,"column":61}},"39":{"start":{"line":63,"column":4},"end":{"line":63,"column":18}}},"fnMap":{"0":{"name":"(anonymous_0)","decl":{"start":{"line":4,"column":2},"end":{"line":4,"column":3}},"loc":{"start":{"line":4,"column":47},"end":{"line":15,"column":3}},"line":4},"1":{"name":"(anonymous_1)","decl":{"start":{"line":17,"column":2},"end":{"line":17,"column":3}},"loc":{"start":{"line":17,"column":48},"end":{"line":22,"column":3}},"line":17},"2":{"name":"(anonymous_2)","decl":{"start":{"line":24,"column":2},"end":{"line":24,"column":3}},"loc":{"start":{"line":24,"column":42},"end":{"line":38,"column":3}},"line":24},"3":{"name":"(anonymous_3)","decl":{"start":{"line":33,"column":48},"end":{"line":33,"column":49}},"loc":{"start":{"line":33,"column":58},"end":{"line":33,"column":78}},"line":33},"4":{"name":"(anonymous_4)","decl":{"start":{"line":40,"column":2},"end":{"line":40,"column":3}},"loc":{"start":{"line":40,"column":46},"end":{"line":54,"column":3}},"line":40},"5":{"name":"(anonymous_5)","decl":{"start":{"line":49,"column":44},"end":{"line":49,"column":45}},"loc":{"start":{"line":49,"column":54},"end":{"line":49,"column":74}},"line":49},"6":{"name":"(anonymous_6)","decl":{"start":{"line":56,"column":2},"end":{"line":56,"column":3}},"loc":{"start":{"line":56,"column":43},"end":{"line":64,"column":3}},"line":56}},"branchMap":{"0":{"loc":{"start":{"line":7,"column":6},"end":{"line":10,"column":7}},"type":"if","locations":[{"start":{"line":7,"column":6},"end":{"line":10,"column":7}},{"start":{"line":7,"column":6},"end":{"line":10,"column":7}}],"line":7},"1":{"loc":{"start":{"line":18,"column":4},"end":{"line":20,"column":5}},"type":"if","locations":[{"start":{"line":18,"column":4},"end":{"line":20,"column":5}},{"start":{"line":18,"column":4},"end":{"line":20,"column":5}}],"line":18},"2":{"loc":{"start":{"line":29,"column":4},"end":{"line":31,"column":5}},"type":"if","locations":[{"start":{"line":29,"column":4},"end":{"line":31,"column":5}},{"start":{"line":29,"column":4},"end":{"line":31,"column":5}}],"line":29},"3":{"loc":{"start":{"line":32,"column":4},"end":{"line":36,"column":5}},"type":"if","locations":[{"start":{"line":32,"column":4},"end":{"line":36,"column":5}},{"start":{"line":32,"column":4},"end":{"line":36,"column":5}}],"line":32},"4":{"loc":{"start":{"line":45,"column":4},"end":{"line":47,"column":5}},"type":"if","locations":[{"start":{"line":45,"column":4},"end":{"line":47,"column":5}},{"start":{"line":45,"column":4},"end":{"line":47,"column":5}}],"line":45},"5":{"loc":{"start":{"line":48,"column":4},"end":{"line":52,"column":5}},"type":"if","locations":[{"start":{"line":48,"column":4},"end":{"line":52,"column":5}},{"start":{"line":48,"column":4},"end":{"line":52,"column":5}}],"line":48},"6":{"loc":{"start":{"line":60,"column":4},"end":{"line":62,"column":5}},"type":"if","locations":[{"start":{"line":60,"column":4},"end":{"line":62,"column":5}},{"start":{"line":60,"column":4},"end":{"line":62,"column":5}}],"line":60}},"s":{"0":7,"1":7,"2":7,"3":5,"4":5,"5":2,"6":0,"7":4,"8":3,"9":1,"10":1,"11":1,"12":1,"13":1,"14":1,"15":0,"16":1,"17":0,"18":0,"19":0,"20":0,"21":1,"22":1,"23":1,"24":1,"25":1,"26":1,"27":0,"28":1,"29":1,"30":1,"31":1,"32":1,"33":1,"34":1,"35":1,"36":1,"37":1,"38":0,"39":1},"f":{"0":7,"1":4,"2":1,"3":0,"4":1,"5":1,"6":1},"b":{"0":[5,2],"1":[3,1],"2":[0,1],"3":[0,1],"4":[0,1],"5":[1,0],"6":[0,1]},"_coverageSchema":"1a1c01bbd47fc00a2c39e90264f33305004495a9","hash":"28b0bd422d27fe6a33d8017f24007732cc45f101"}
,"/Users/lambda/Desktop/personal-learning/stack_overflow_clone/src/middleware/user.middleware.js": {"path":"/Users/lambda/Desktop/personal-learning/stack_overflow_clone/src/middleware/user.middleware.js","statementMap":{"0":{"start":{"line":7,"column":4},"end":{"line":17,"column":5}},"1":{"start":{"line":8,"column":34},"end":{"line":8,"column":42}},"2":{"start":{"line":9,"column":19},"end":{"line":9,"column":78}},"3":{"start":{"line":10,"column":6},"end":{"line":13,"column":7}},"4":{"start":{"line":11,"column":8},"end":{"line":11,"column":24}},"5":{"start":{"line":12,"column":8},"end":{"line":12,"column":20}},"6":{"start":{"line":14,"column":6},"end":{"line":14,"column":19}},"7":{"start":{"line":16,"column":6},"end":{"line":16,"column":51}},"8":{"start":{"line":21,"column":4},"end":{"line":23,"column":5}},"9":{"start":{"line":22,"column":6},"end":{"line":22,"column":56}},"10":{"start":{"line":24,"column":4},"end":{"line":24,"column":18}},"11":{"start":{"line":28,"column":4},"end":{"line":38,"column":5}},"12":{"start":{"line":29,"column":34},"end":{"line":29,"column":42}},"13":{"start":{"line":30,"column":22},"end":{"line":30,"column":65}},"14":{"start":{"line":31,"column":6},"end":{"line":34,"column":7}},"15":{"start":{"line":32,"column":8},"end":{"line":32,"column":27}},"16":{"start":{"line":33,"column":8},"end":{"line":33,"column":22}},"17":{"start":{"line":35,"column":6},"end":{"line":35,"column":55}},"18":{"start":{"line":37,"column":6},"end":{"line":37,"column":51}},"19":{"start":{"line":42,"column":4},"end":{"line":50,"column":5}},"20":{"start":{"line":43,"column":21},"end":{"line":43,"column":76}},"21":{"start":{"line":44,"column":19},"end":{"line":44,"column":53}},"22":{"start":{"line":45,"column":6},"end":{"line":45,"column":62}},"23":{"start":{"line":45,"column":17},"end":{"line":45,"column":62}},"24":{"start":{"line":46,"column":6},"end":{"line":46,"column":31}},"25":{"start":{"line":47,"column":6},"end":{"line":47,"column":20}},"26":{"start":{"line":49,"column":6},"end":{"line":49,"column":29}},"27":{"start":{"line":54,"column":19},"end":{"line":54,"column":29}},"28":{"start":{"line":55,"column":17},"end":{"line":55,"column":38}},"29":{"start":{"line":56,"column":4},"end":{"line":58,"column":5}},"30":{"start":{"line":57,"column":6},"end":{"line":57,"column":50}},"31":{"start":{"line":59,"column":4},"end":{"line":59,"column":18}}},"fnMap":{"0":{"name":"(anonymous_0)","decl":{"start":{"line":6,"column":2},"end":{"line":6,"column":3}},"loc":{"start":{"line":6,"column":43},"end":{"line":18,"column":3}},"line":6},"1":{"name":"(anonymous_1)","decl":{"start":{"line":20,"column":2},"end":{"line":20,"column":3}},"loc":{"start":{"line":20,"column":50},"end":{"line":25,"column":3}},"line":20},"2":{"name":"(anonymous_2)","decl":{"start":{"line":27,"column":2},"end":{"line":27,"column":3}},"loc":{"start":{"line":27,"column":49},"end":{"line":39,"column":3}},"line":27},"3":{"name":"(anonymous_3)","decl":{"start":{"line":41,"column":2},"end":{"line":41,"column":3}},"loc":{"start":{"line":41,"column":46},"end":{"line":51,"column":3}},"line":41},"4":{"name":"(anonymous_4)","decl":{"start":{"line":53,"column":2},"end":{"line":53,"column":3}},"loc":{"start":{"line":53,"column":41},"end":{"line":60,"column":3}},"line":53}},"branchMap":{"0":{"loc":{"start":{"line":10,"column":6},"end":{"line":13,"column":7}},"type":"if","locations":[{"start":{"line":10,"column":6},"end":{"line":13,"column":7}},{"start":{"line":10,"column":6},"end":{"line":13,"column":7}}],"line":10},"1":{"loc":{"start":{"line":21,"column":4},"end":{"line":23,"column":5}},"type":"if","locations":[{"start":{"line":21,"column":4},"end":{"line":23,"column":5}},{"start":{"line":21,"column":4},"end":{"line":23,"column":5}}],"line":21},"2":{"loc":{"start":{"line":31,"column":6},"end":{"line":34,"column":7}},"type":"if","locations":[{"start":{"line":31,"column":6},"end":{"line":34,"column":7}},{"start":{"line":31,"column":6},"end":{"line":34,"column":7}}],"line":31},"3":{"loc":{"start":{"line":31,"column":10},"end":{"line":31,"column":60}},"type":"binary-expr","locations":[{"start":{"line":31,"column":10},"end":{"line":31,"column":17}},{"start":{"line":31,"column":21},"end":{"line":31,"column":60}}],"line":31},"4":{"loc":{"start":{"line":45,"column":6},"end":{"line":45,"column":62}},"type":"if","locations":[{"start":{"line":45,"column":6},"end":{"line":45,"column":62}},{"start":{"line":45,"column":6},"end":{"line":45,"column":62}}],"line":45},"5":{"loc":{"start":{"line":56,"column":4},"end":{"line":58,"column":5}},"type":"if","locations":[{"start":{"line":56,"column":4},"end":{"line":58,"column":5}},{"start":{"line":56,"column":4},"end":{"line":58,"column":5}}],"line":56}},"s":{"0":2,"1":2,"2":2,"3":2,"4":1,"5":1,"6":1,"7":0,"8":2,"9":1,"10":1,"11":2,"12":2,"13":2,"14":2,"15":1,"16":1,"17":1,"18":0,"19":10,"20":10,"21":10,"22":9,"23":0,"24":9,"25":9,"26":1,"27":2,"28":2,"29":2,"30":0,"31":2},"f":{"0":2,"1":2,"2":2,"3":10,"4":2},"b":{"0":[1,1],"1":[1,1],"2":[1,1],"3":[2,2],"4":[0,9],"5":[0,2]},"_coverageSchema":"1a1c01bbd47fc00a2c39e90264f33305004495a9","hash":"60faf5fb1082f4afe4da3b79636c7a5c6e0deafe"}
,"/Users/lambda/Desktop/personal-learning/stack_overflow_clone/src/model/answer.model.js": {"path":"/Users/lambda/Desktop/personal-learning/stack_overflow_clone/src/model/answer.model.js","statementMap":{"0":{"start":{"line":3,"column":21},"end":{"line":22,"column":2}},"1":{"start":{"line":24,"column":15},"end":{"line":24,"column":53}}},"fnMap":{},"branchMap":{},"s":{"0":3,"1":3},"f":{},"b":{},"_coverageSchema":"1a1c01bbd47fc00a2c39e90264f33305004495a9","hash":"6c8a684d9f65b29f6aece2ca68527c0334c7d6ba"}
,"/Users/lambda/Desktop/personal-learning/stack_overflow_clone/src/model/index.js": {"path":"/Users/lambda/Desktop/personal-learning/stack_overflow_clone/src/model/index.js","statementMap":{"0":{"start":{"line":5,"column":14},"end":{"line":9,"column":1}}},"fnMap":{},"branchMap":{},"s":{"0":3},"f":{},"b":{},"_coverageSchema":"1a1c01bbd47fc00a2c39e90264f33305004495a9","hash":"6c9fbbc74eff301898e76ea57146bb2f8852e1b4"}
,"/Users/lambda/Desktop/personal-learning/stack_overflow_clone/src/model/question.model.js": {"path":"/Users/lambda/Desktop/personal-learning/stack_overflow_clone/src/model/question.model.js","statementMap":{"0":{"start":{"line":3,"column":23},"end":{"line":33,"column":21}},"1":{"start":{"line":35,"column":17},"end":{"line":35,"column":59}}},"fnMap":{},"branchMap":{},"s":{"0":3,"1":3},"f":{},"b":{},"_coverageSchema":"1a1c01bbd47fc00a2c39e90264f33305004495a9","hash":"612d0ad7ffa32c43365dc8317810bb0cc30d85b7"}
,"/Users/lambda/Desktop/personal-learning/stack_overflow_clone/src/model/user.model.js": {"path":"/Users/lambda/Desktop/personal-learning/stack_overflow_clone/src/model/user.model.js","statementMap":{"0":{"start":{"line":4,"column":19},"end":{"line":25,"column":24}},"1":{"start":{"line":27,"column":0},"end":{"line":32,"column":3}},"2":{"start":{"line":28,"column":2},"end":{"line":28,"column":50}},"3":{"start":{"line":28,"column":36},"end":{"line":28,"column":50}},"4":{"start":{"line":29,"column":15},"end":{"line":29,"column":49}},"5":{"start":{"line":30,"column":2},"end":{"line":30,"column":23}},"6":{"start":{"line":31,"column":2},"end":{"line":31,"column":16}},"7":{"start":{"line":33,"column":0},"end":{"line":36,"column":2}},"8":{"start":{"line":34,"column":15},"end":{"line":34,"column":58}},"9":{"start":{"line":35,"column":2},"end":{"line":35,"column":28}},"10":{"start":{"line":38,"column":13},"end":{"line":38,"column":47}}},"fnMap":{"0":{"name":"(anonymous_0)","decl":{"start":{"line":27,"column":23},"end":{"line":27,"column":24}},"loc":{"start":{"line":27,"column":39},"end":{"line":32,"column":1}},"line":27},"1":{"name":"(anonymous_1)","decl":{"start":{"line":33,"column":37},"end":{"line":33,"column":38}},"loc":{"start":{"line":33,"column":57},"end":{"line":36,"column":1}},"line":33}},"branchMap":{"0":{"loc":{"start":{"line":28,"column":2},"end":{"line":28,"column":50}},"type":"if","locations":[{"start":{"line":28,"column":2},"end":{"line":28,"column":50}},{"start":{"line":28,"column":2},"end":{"line":28,"column":50}}],"line":28},"1":{"loc":{"start":{"line":35,"column":9},"end":{"line":35,"column":27}},"type":"cond-expr","locations":[{"start":{"line":35,"column":16},"end":{"line":35,"column":20}},{"start":{"line":35,"column":23},"end":{"line":35,"column":27}}],"line":35}},"s":{"0":3,"1":3,"2":4,"3":0,"4":4,"5":4,"6":4,"7":3,"8":2,"9":2,"10":3},"f":{"0":4,"1":2},"b":{"0":[0,4],"1":[1,1]},"_coverageSchema":"1a1c01bbd47fc00a2c39e90264f33305004495a9","hash":"db31d8b045f469aba394a5582833a0e24febb95f"}
,"/Users/lambda/Desktop/personal-learning/stack_overflow_clone/src/route/answer.route.js": {"path":"/Users/lambda/Desktop/personal-learning/stack_overflow_clone/src/route/answer.route.js","statementMap":{"0":{"start":{"line":6,"column":15},"end":{"line":6,"column":31}},"1":{"start":{"line":8,"column":0},"end":{"line":15,"column":34}}},"fnMap":{},"branchMap":{},"s":{"0":3,"1":3},"f":{},"b":{},"_coverageSchema":"1a1c01bbd47fc00a2c39e90264f33305004495a9","hash":"d0eb0ac07bd4d0070a5a243b3368ba1ee8526b0e"}
,"/Users/lambda/Desktop/personal-learning/stack_overflow_clone/src/route/question.route.js": {"path":"/Users/lambda/Desktop/personal-learning/stack_overflow_clone/src/route/question.route.js","statementMap":{"0":{"start":{"line":6,"column":15},"end":{"line":6,"column":31}},"1":{"start":{"line":8,"column":0},"end":{"line":12,"column":97}},"2":{"start":{"line":15,"column":0},"end":{"line":18,"column":29}},"3":{"start":{"line":20,"column":0},"end":{"line":23,"column":31}},"4":{"start":{"line":25,"column":0},"end":{"line":28,"column":32}}},"fnMap":{},"branchMap":{},"s":{"0":3,"1":3,"2":3,"3":3,"4":3},"f":{},"b":{},"_coverageSchema":"1a1c01bbd47fc00a2c39e90264f33305004495a9","hash":"22f85e31a8473ace86a9ed35ce0c8feb9d4e48d2"}
,"/Users/lambda/Desktop/personal-learning/stack_overflow_clone/src/route/user.route.js": {"path":"/Users/lambda/Desktop/personal-learning/stack_overflow_clone/src/route/user.route.js","statementMap":{"0":{"start":{"line":6,"column":15},"end":{"line":6,"column":31}},"1":{"start":{"line":8,"column":0},"end":{"line":8,"column":153}},"2":{"start":{"line":10,"column":0},"end":{"line":10,"column":80}},"3":{"start":{"line":12,"column":0},"end":{"line":12,"column":76}}},"fnMap":{},"branchMap":{},"s":{"0":3,"1":3,"2":3,"3":3},"f":{},"b":{},"_coverageSchema":"1a1c01bbd47fc00a2c39e90264f33305004495a9","hash":"58bff7ac6f703f7fa9c7a513aa98068d7a27bd98"}
,"/Users/lambda/Desktop/personal-learning/stack_overflow_clone/src/util/jwt.js": {"path":"/Users/lambda/Desktop/personal-learning/stack_overflow_clone/src/util/jwt.js","statementMap":{"0":{"start":{"line":5,"column":16},"end":{"line":5,"column":75}},"1":{"start":{"line":6,"column":2},"end":{"line":6,"column":15}},"2":{"start":{"line":10,"column":2},"end":{"line":10,"column":63}},"3":{"start":{"line":10,"column":14},"end":{"line":10,"column":63}},"4":{"start":{"line":11,"column":2},"end":{"line":16,"column":3}},"5":{"start":{"line":12,"column":21},"end":{"line":12,"column":54}},"6":{"start":{"line":13,"column":4},"end":{"line":13,"column":16}},"7":{"start":{"line":15,"column":4},"end":{"line":15,"column":39}},"8":{"start":{"line":19,"column":18},"end":{"line":19,"column":50}}},"fnMap":{"0":{"name":"generateToken","decl":{"start":{"line":3,"column":9},"end":{"line":3,"column":22}},"loc":{"start":{"line":3,"column":29},"end":{"line":7,"column":1}},"line":3},"1":{"name":"validateToken","decl":{"start":{"line":9,"column":15},"end":{"line":9,"column":28}},"loc":{"start":{"line":9,"column":41},"end":{"line":17,"column":1}},"line":9}},"branchMap":{"0":{"loc":{"start":{"line":10,"column":2},"end":{"line":10,"column":63}},"type":"if","locations":[{"start":{"line":10,"column":2},"end":{"line":10,"column":63}},{"start":{"line":10,"column":2},"end":{"line":10,"column":63}}],"line":10}},"s":{"0":15,"1":15,"2":10,"3":0,"4":10,"5":10,"6":9,"7":1,"8":3},"f":{"0":15,"1":10},"b":{"0":[0,10]},"_coverageSchema":"1a1c01bbd47fc00a2c39e90264f33305004495a9","hash":"a17d39bc6449bdda93a8f5afeb155111097d078f"}
,"/Users/lambda/Desktop/personal-learning/stack_overflow_clone/src/util/query/answer.query.js": {"path":"/Users/lambda/Desktop/personal-learning/stack_overflow_clone/src/util/query/answer.query.js","statementMap":{"0":{"start":{"line":5,"column":4},"end":{"line":5,"column":17}},"1":{"start":{"line":6,"column":4},"end":{"line":6,"column":23}}},"fnMap":{"0":{"name":"(anonymous_0)","decl":{"start":{"line":4,"column":2},"end":{"line":4,"column":3}},"loc":{"start":{"line":4,"column":21},"end":{"line":7,"column":3}},"line":4}},"branchMap":{},"s":{"0":30,"1":30},"f":{"0":30},"b":{},"_coverageSchema":"1a1c01bbd47fc00a2c39e90264f33305004495a9","hash":"fd233aca282f1082e78134346e9abe10940b1ace"}
,"/Users/lambda/Desktop/personal-learning/stack_overflow_clone/src/util/query/index.js": {"path":"/Users/lambda/Desktop/personal-learning/stack_overflow_clone/src/util/query/index.js","statementMap":{"0":{"start":{"line":6,"column":14},"end":{"line":10,"column":2}},"1":{"start":{"line":6,"column":21},"end":{"line":10,"column":1}}},"fnMap":{"0":{"name":"(anonymous_0)","decl":{"start":{"line":6,"column":14},"end":{"line":6,"column":15}},"loc":{"start":{"line":6,"column":21},"end":{"line":10,"column":1}},"line":6}},"branchMap":{},"s":{"0":3,"1":30},"f":{"0":30},"b":{},"_coverageSchema":"1a1c01bbd47fc00a2c39e90264f33305004495a9","hash":"19ef3d7a20abc648ac3fd6a73de15467e69d22d5"}
,"/Users/lambda/Desktop/personal-learning/stack_overflow_clone/src/util/query/query.helper.js": {"path":"/Users/lambda/Desktop/personal-learning/stack_overflow_clone/src/util/query/query.helper.js","statementMap":{"0":{"start":{"line":3,"column":4},"end":{"line":3,"column":23}},"1":{"start":{"line":7,"column":4},"end":{"line":7,"column":36}},"2":{"start":{"line":11,"column":4},"end":{"line":11,"column":33}},"3":{"start":{"line":15,"column":4},"end":{"line":15,"column":29}},"4":{"start":{"line":19,"column":4},"end":{"line":19,"column":52}},"5":{"start":{"line":23,"column":4},"end":{"line":23,"column":35}},"6":{"start":{"line":27,"column":4},"end":{"line":27,"column":35}}},"fnMap":{"0":{"name":"(anonymous_0)","decl":{"start":{"line":2,"column":2},"end":{"line":2,"column":3}},"loc":{"start":{"line":2,"column":21},"end":{"line":4,"column":3}},"line":2},"1":{"name":"(anonymous_1)","decl":{"start":{"line":6,"column":2},"end":{"line":6,"column":3}},"loc":{"start":{"line":6,"column":15},"end":{"line":8,"column":3}},"line":6},"2":{"name":"(anonymous_2)","decl":{"start":{"line":10,"column":2},"end":{"line":10,"column":3}},"loc":{"start":{"line":10,"column":16},"end":{"line":12,"column":3}},"line":10},"3":{"name":"(anonymous_3)","decl":{"start":{"line":14,"column":2},"end":{"line":14,"column":3}},"loc":{"start":{"line":14,"column":15},"end":{"line":16,"column":3}},"line":14},"4":{"name":"(anonymous_4)","decl":{"start":{"line":18,"column":2},"end":{"line":18,"column":3}},"loc":{"start":{"line":18,"column":25},"end":{"line":20,"column":3}},"line":18},"5":{"name":"(anonymous_5)","decl":{"start":{"line":22,"column":2},"end":{"line":22,"column":3}},"loc":{"start":{"line":22,"column":14},"end":{"line":24,"column":3}},"line":22},"6":{"name":"(anonymous_6)","decl":{"start":{"line":26,"column":2},"end":{"line":26,"column":3}},"loc":{"start":{"line":26,"column":15},"end":{"line":28,"column":3}},"line":26}},"branchMap":{},"s":{"0":90,"1":2,"2":1,"3":1,"4":0,"5":19,"6":3},"f":{"0":90,"1":2,"2":1,"3":1,"4":0,"5":19,"6":3},"b":{},"_coverageSchema":"1a1c01bbd47fc00a2c39e90264f33305004495a9","hash":"56ba1f3f38ec94f5126cf23dd5ed2ecc5a58a3e1"}
,"/Users/lambda/Desktop/personal-learning/stack_overflow_clone/src/util/query/question.query.js": {"path":"/Users/lambda/Desktop/personal-learning/stack_overflow_clone/src/util/query/question.query.js","statementMap":{"0":{"start":{"line":5,"column":4},"end":{"line":5,"column":17}},"1":{"start":{"line":6,"column":4},"end":{"line":6,"column":23}},"2":{"start":{"line":10,"column":4},"end":{"line":10,"column":64}}},"fnMap":{"0":{"name":"(anonymous_0)","decl":{"start":{"line":4,"column":2},"end":{"line":4,"column":3}},"loc":{"start":{"line":4,"column":21},"end":{"line":7,"column":3}},"line":4},"1":{"name":"(anonymous_1)","decl":{"start":{"line":9,"column":2},"end":{"line":9,"column":3}},"loc":{"start":{"line":9,"column":26},"end":{"line":11,"column":3}},"line":9}},"branchMap":{},"s":{"0":30,"1":30,"2":2},"f":{"0":30,"1":2},"b":{},"_coverageSchema":"1a1c01bbd47fc00a2c39e90264f33305004495a9","hash":"d9990900d9a80531a4b95db332153d3f56643e5c"}
,"/Users/lambda/Desktop/personal-learning/stack_overflow_clone/src/util/query/user.query.js": {"path":"/Users/lambda/Desktop/personal-learning/stack_overflow_clone/src/util/query/user.query.js","statementMap":{"0":{"start":{"line":5,"column":4},"end":{"line":5,"column":17}},"1":{"start":{"line":6,"column":4},"end":{"line":6,"column":23}},"2":{"start":{"line":10,"column":4},"end":{"line":10,"column":29}},"3":{"start":{"line":14,"column":4},"end":{"line":14,"column":66}}},"fnMap":{"0":{"name":"(anonymous_0)","decl":{"start":{"line":4,"column":2},"end":{"line":4,"column":3}},"loc":{"start":{"line":4,"column":21},"end":{"line":7,"column":3}},"line":4},"1":{"name":"(anonymous_1)","decl":{"start":{"line":9,"column":2},"end":{"line":9,"column":3}},"loc":{"start":{"line":9,"column":19},"end":{"line":11,"column":3}},"line":9},"2":{"name":"(anonymous_2)","decl":{"start":{"line":13,"column":2},"end":{"line":13,"column":3}},"loc":{"start":{"line":13,"column":43},"end":{"line":15,"column":3}},"line":13}},"branchMap":{},"s":{"0":30,"1":30,"2":1,"3":2},"f":{"0":30,"1":1,"2":2},"b":{},"_coverageSchema":"1a1c01bbd47fc00a2c39e90264f33305004495a9","hash":"b02f48e1503fee8962acbc4a77fa7839a10922a2"}
,"/Users/lambda/Desktop/personal-learning/stack_overflow_clone/src/validation/answer.validation.js": {"path":"/Users/lambda/Desktop/personal-learning/stack_overflow_clone/src/validation/answer.validation.js","statementMap":{"0":{"start":{"line":5,"column":4},"end":{"line":9,"column":6}},"1":{"start":{"line":13,"column":4},"end":{"line":16,"column":6}}},"fnMap":{"0":{"name":"(anonymous_0)","decl":{"start":{"line":4,"column":2},"end":{"line":4,"column":3}},"loc":{"start":{"line":4,"column":29},"end":{"line":10,"column":3}},"line":4},"1":{"name":"(anonymous_1)","decl":{"start":{"line":12,"column":2},"end":{"line":12,"column":3}},"loc":{"start":{"line":12,"column":23},"end":{"line":17,"column":3}},"line":12}},"branchMap":{},"s":{"0":3,"1":3},"f":{"0":3,"1":3},"b":{},"_coverageSchema":"1a1c01bbd47fc00a2c39e90264f33305004495a9","hash":"9ce501a16a5be5cd802ed9f5bace915d51252c59"}
,"/Users/lambda/Desktop/personal-learning/stack_overflow_clone/src/validation/index.js": {"path":"/Users/lambda/Desktop/personal-learning/stack_overflow_clone/src/validation/index.js","statementMap":{"0":{"start":{"line":7,"column":17},"end":{"line":7,"column":38}},"1":{"start":{"line":8,"column":2},"end":{"line":10,"column":3}},"2":{"start":{"line":9,"column":4},"end":{"line":9,"column":18}},"3":{"start":{"line":11,"column":26},"end":{"line":11,"column":28}},"4":{"start":{"line":12,"column":2},"end":{"line":12,"column":78}},"5":{"start":{"line":12,"column":30},"end":{"line":12,"column":76}},"6":{"start":{"line":14,"column":2},"end":{"line":16,"column":5}},"7":{"start":{"line":20,"column":19},"end":{"line":22,"column":1}}},"fnMap":{"0":{"name":"validate","decl":{"start":{"line":6,"column":9},"end":{"line":6,"column":17}},"loc":{"start":{"line":6,"column":34},"end":{"line":17,"column":1}},"line":6},"1":{"name":"(anonymous_1)","decl":{"start":{"line":12,"column":21},"end":{"line":12,"column":22}},"loc":{"start":{"line":12,"column":30},"end":{"line":12,"column":76}},"line":12}},"branchMap":{"0":{"loc":{"start":{"line":8,"column":2},"end":{"line":10,"column":3}},"type":"if","locations":[{"start":{"line":8,"column":2},"end":{"line":10,"column":3}},{"start":{"line":8,"column":2},"end":{"line":10,"column":3}}],"line":8}},"s":{"0":16,"1":16,"2":12,"3":4,"4":4,"5":6,"6":4,"7":3},"f":{"0":16,"1":6},"b":{"0":[12,4]},"_coverageSchema":"1a1c01bbd47fc00a2c39e90264f33305004495a9","hash":"c49ed7593501f705730e7a63f82d0c8cdd36ad63"}
,"/Users/lambda/Desktop/personal-learning/stack_overflow_clone/src/validation/question.validation.js": {"path":"/Users/lambda/Desktop/personal-learning/stack_overflow_clone/src/validation/question.validation.js","statementMap":{"0":{"start":{"line":5,"column":4},"end":{"line":9,"column":6}},"1":{"start":{"line":13,"column":4},"end":{"line":17,"column":6}},"2":{"start":{"line":21,"column":4},"end":{"line":21,"column":64}},"3":{"start":{"line":25,"column":4},"end":{"line":25,"column":55}},"4":{"start":{"line":29,"column":4},"end":{"line":29,"column":57}},"5":{"start":{"line":33,"column":4},"end":{"line":35,"column":6}}},"fnMap":{"0":{"name":"(anonymous_0)","decl":{"start":{"line":4,"column":2},"end":{"line":4,"column":3}},"loc":{"start":{"line":4,"column":31},"end":{"line":10,"column":3}},"line":4},"1":{"name":"(anonymous_1)","decl":{"start":{"line":12,"column":2},"end":{"line":12,"column":3}},"loc":{"start":{"line":12,"column":26},"end":{"line":18,"column":3}},"line":12},"2":{"name":"(anonymous_2)","decl":{"start":{"line":20,"column":2},"end":{"line":20,"column":3}},"loc":{"start":{"line":20,"column":31},"end":{"line":22,"column":3}},"line":20},"3":{"name":"(anonymous_3)","decl":{"start":{"line":24,"column":2},"end":{"line":24,"column":3}},"loc":{"start":{"line":24,"column":26},"end":{"line":26,"column":3}},"line":24},"4":{"name":"(anonymous_4)","decl":{"start":{"line":28,"column":2},"end":{"line":28,"column":3}},"loc":{"start":{"line":28,"column":28},"end":{"line":30,"column":3}},"line":28},"5":{"name":"(anonymous_5)","decl":{"start":{"line":32,"column":2},"end":{"line":32,"column":3}},"loc":{"start":{"line":32,"column":22},"end":{"line":36,"column":3}},"line":32}},"branchMap":{},"s":{"0":3,"1":9,"2":0,"3":9,"4":0,"5":3},"f":{"0":3,"1":9,"2":0,"3":9,"4":0,"5":3},"b":{},"_coverageSchema":"1a1c01bbd47fc00a2c39e90264f33305004495a9","hash":"3227c3f451813e0a7b1f6fd50b40c04f1093a254"}
,"/Users/lambda/Desktop/personal-learning/stack_overflow_clone/src/validation/user.validation.js": {"path":"/Users/lambda/Desktop/personal-learning/stack_overflow_clone/src/validation/user.validation.js","statementMap":{"0":{"start":{"line":5,"column":4},"end":{"line":9,"column":6}}},"fnMap":{"0":{"name":"(anonymous_0)","decl":{"start":{"line":4,"column":2},"end":{"line":4,"column":3}},"loc":{"start":{"line":4,"column":27},"end":{"line":10,"column":3}},"line":4}},"branchMap":{},"s":{"0":3},"f":{"0":3},"b":{},"_coverageSchema":"1a1c01bbd47fc00a2c39e90264f33305004495a9","hash":"eed9b1e6f3590d3f150b5751640c1b72b4a383de"}
}
