TN:
SF:__test__/db.js
FN:7,(anonymous_0)
FN:11,(anonymous_1)
FN:19,(anonymous_2)
FN:25,(anonymous_3)
FN:31,(anonymous_4)
FNF:5
FNH:5
FNDA:3,(anonymous_0)
FNDA:3,(anonymous_1)
FNDA:3,(anonymous_2)
FNDA:2,(anonymous_3)
FNDA:3,(anonymous_4)
DA:8,3
DA:13,3
DA:15,3
DA:16,3
DA:20,3
DA:21,3
DA:22,3
DA:26,2
DA:27,2
DA:28,2
DA:32,3
LF:11
LH:11
BRF:0
BRH:0
end_of_record
TN:
SF:__test__/index.js
FN:4,requestServer
FNF:1
FNH:1
FNDA:20,requestServer
DA:5,20
LF:1
LH:1
BRF:0
BRH:0
end_of_record
TN:
SF:src/server.js
FNF:0
FNH:0
DA:9,3
DA:11,3
DA:12,3
DA:13,3
DA:14,3
DA:15,3
LF:6
LH:6
BRF:0
BRH:0
end_of_record
TN:
SF:src/config/db.config.js
FN:23,db
FNF:1
FNH:1
FNDA:3,db
DA:5,3
DA:7,3
DA:8,3
DA:10,0
DA:11,0
DA:13,0
DA:14,0
DA:16,0
DA:17,0
DA:19,0
DA:20,0
DA:24,3
LF:12
LH:4
BRDA:5,0,0,3
BRDA:5,0,1,0
BRDA:5,0,2,0
BRDA:5,0,3,0
BRDA:5,0,4,0
BRF:5
BRH:1
end_of_record
TN:
SF:src/controller/answer.controller.js
FN:4,(anonymous_0)
FN:10,(anonymous_1)
FN:20,(anonymous_2)
FNF:3
FNH:3
FNDA:3,(anonymous_0)
FNDA:1,(anonymous_1)
FNDA:1,(anonymous_2)
DA:5,3
DA:6,3
DA:7,3
DA:11,1
DA:12,1
DA:13,1
DA:14,1
DA:16,0
DA:21,1
DA:22,1
DA:23,1
DA:24,1
DA:25,1
DA:27,0
LF:14
LH:12
BRDA:24,0,0,0
BRDA:24,0,1,1
BRF:2
BRH:1
end_of_record
TN:
SF:src/controller/question.controller.js
FN:5,(anonymous_0)
FN:11,(anonymous_1)
FN:21,(anonymous_2)
FN:32,(anonymous_3)
FN:40,(anonymous_4)
FN:48,(anonymous_5)
FNF:6
FNH:6
FNDA:3,(anonymous_0)
FNDA:1,(anonymous_1)
FNDA:2,(anonymous_2)
FNDA:1,(anonymous_3)
FNDA:1,(anonymous_4)
FNDA:1,(anonymous_5)
DA:6,3
DA:7,3
DA:8,3
DA:12,1
DA:13,1
DA:14,1
DA:15,1
DA:17,0
DA:22,2
DA:23,2
DA:24,2
DA:25,2
DA:26,1
DA:28,0
DA:33,1
DA:34,1
DA:35,1
DA:36,1
DA:37,1
DA:41,1
DA:42,1
DA:43,1
DA:44,1
DA:45,1
DA:49,1
DA:50,1
DA:51,1
DA:52,1
DA:53,1
DA:55,0
DA:60,3
LF:31
LH:28
BRDA:25,0,0,1
BRDA:25,0,1,1
BRF:2
BRH:2
end_of_record
TN:
SF:src/controller/user.controler.js
FN:6,(anonymous_0)
FN:14,(anonymous_1)
FN:25,(anonymous_2)
FN:37,(anonymous_3)
FNF:4
FNH:4
FNDA:3,(anonymous_0)
FNDA:1,(anonymous_1)
FNDA:1,(anonymous_2)
FNDA:1,(anonymous_3)
DA:7,3
DA:8,3
DA:9,3
DA:10,3
DA:11,3
DA:15,1
DA:16,1
DA:17,1
DA:18,1
DA:20,0
DA:21,0
DA:26,1
DA:27,1
DA:28,1
DA:38,1
DA:39,1
DA:40,1
DA:42,0
DA:47,3
LF:19
LH:16
BRF:0
BRH:0
end_of_record
TN:
SF:src/middleware/answer.middleware.js
FN:4,(anonymous_0)
FNF:1
FNH:1
FNDA:3,(anonymous_0)
DA:5,3
DA:6,2
DA:8,1
LF:3
LH:3
BRDA:5,0,0,2
BRDA:5,0,1,1
BRF:2
BRH:2
end_of_record
TN:
SF:src/middleware/index.js
FNF:0
FNH:0
DA:5,3
LF:1
LH:1
BRF:0
BRH:0
end_of_record
TN:
SF:src/middleware/question.middleware.js
FN:4,(anonymous_0)
FN:17,(anonymous_1)
FN:24,(anonymous_2)
FN:33,(anonymous_3)
FN:40,(anonymous_4)
FN:49,(anonymous_5)
FN:56,(anonymous_6)
FNF:7
FNH:6
FNDA:7,(anonymous_0)
FNDA:4,(anonymous_1)
FNDA:1,(anonymous_2)
FNDA:0,(anonymous_3)
FNDA:1,(anonymous_4)
FNDA:1,(anonymous_5)
FNDA:1,(anonymous_6)
DA:5,7
DA:6,7
DA:7,7
DA:8,5
DA:9,5
DA:11,2
DA:13,0
DA:18,4
DA:19,3
DA:21,1
DA:25,1
DA:26,1
DA:27,1
DA:28,1
DA:29,1
DA:30,0
DA:32,1
DA:33,0
DA:34,0
DA:35,0
DA:37,1
DA:41,1
DA:42,1
DA:43,1
DA:44,1
DA:45,1
DA:46,0
DA:48,1
DA:49,1
DA:50,1
DA:51,1
DA:53,1
DA:57,1
DA:58,1
DA:59,1
DA:60,1
DA:61,0
DA:63,1
LF:38
LH:31
BRDA:7,0,0,5
BRDA:7,0,1,2
BRDA:18,1,0,3
BRDA:18,1,1,1
BRDA:29,2,0,0
BRDA:29,2,1,1
BRDA:32,3,0,0
BRDA:32,3,1,1
BRDA:45,4,0,0
BRDA:45,4,1,1
BRDA:48,5,0,1
BRDA:48,5,1,0
BRDA:60,6,0,0
BRDA:60,6,1,1
BRF:14
BRH:9
end_of_record
TN:
SF:src/middleware/user.middleware.js
FN:6,(anonymous_0)
FN:20,(anonymous_1)
FN:27,(anonymous_2)
FN:41,(anonymous_3)
FN:53,(anonymous_4)
FNF:5
FNH:5
FNDA:2,(anonymous_0)
FNDA:2,(anonymous_1)
FNDA:2,(anonymous_2)
FNDA:10,(anonymous_3)
FNDA:2,(anonymous_4)
DA:7,2
DA:8,2
DA:9,2
DA:10,2
DA:11,1
DA:12,1
DA:14,1
DA:16,0
DA:21,2
DA:22,1
DA:24,1
DA:28,2
DA:29,2
DA:30,2
DA:31,2
DA:32,1
DA:33,1
DA:35,1
DA:37,0
DA:42,10
DA:43,10
DA:44,10
DA:45,9
DA:46,9
DA:47,9
DA:49,1
DA:54,2
DA:55,2
DA:56,2
DA:57,0
DA:59,2
LF:31
LH:28
BRDA:10,0,0,1
BRDA:10,0,1,1
BRDA:21,1,0,1
BRDA:21,1,1,1
BRDA:31,2,0,1
BRDA:31,2,1,1
BRDA:31,3,0,2
BRDA:31,3,1,2
BRDA:45,4,0,0
BRDA:45,4,1,9
BRDA:56,5,0,0
BRDA:56,5,1,2
BRF:12
BRH:10
end_of_record
TN:
SF:src/model/answer.model.js
FNF:0
FNH:0
DA:3,3
DA:24,3
LF:2
LH:2
BRF:0
BRH:0
end_of_record
TN:
SF:src/model/index.js
FNF:0
FNH:0
DA:5,3
LF:1
LH:1
BRF:0
BRH:0
end_of_record
TN:
SF:src/model/question.model.js
FNF:0
FNH:0
DA:3,3
DA:35,3
LF:2
LH:2
BRF:0
BRH:0
end_of_record
TN:
SF:src/model/user.model.js
FN:27,(anonymous_0)
FN:33,(anonymous_1)
FNF:2
FNH:2
FNDA:4,(anonymous_0)
FNDA:2,(anonymous_1)
DA:4,3
DA:27,3
DA:28,4
DA:29,4
DA:30,4
DA:31,4
DA:33,3
DA:34,2
DA:35,2
DA:38,3
LF:10
LH:10
BRDA:28,0,0,0
BRDA:28,0,1,4
BRDA:35,1,0,1
BRDA:35,1,1,1
BRF:4
BRH:3
end_of_record
TN:
SF:src/route/answer.route.js
FNF:0
FNH:0
DA:6,3
DA:8,3
LF:2
LH:2
BRF:0
BRH:0
end_of_record
TN:
SF:src/route/question.route.js
FNF:0
FNH:0
DA:6,3
DA:8,3
DA:15,3
DA:20,3
DA:25,3
LF:5
LH:5
BRF:0
BRH:0
end_of_record
TN:
SF:src/route/user.route.js
FNF:0
FNH:0
DA:6,3
DA:8,3
DA:10,3
DA:12,3
LF:4
LH:4
BRF:0
BRH:0
end_of_record
TN:
SF:src/util/jwt.js
FN:3,generateToken
FN:9,validateToken
FNF:2
FNH:2
FNDA:15,generateToken
FNDA:10,validateToken
DA:5,15
DA:6,15
DA:10,10
DA:11,10
DA:12,10
DA:13,9
DA:15,1
DA:19,3
LF:8
LH:8
BRDA:10,0,0,0
BRDA:10,0,1,10
BRF:2
BRH:1
end_of_record
TN:
SF:src/util/query/answer.query.js
FN:4,(anonymous_0)
FNF:1
FNH:1
FNDA:30,(anonymous_0)
DA:5,30
DA:6,30
LF:2
LH:2
BRF:0
BRH:0
end_of_record
TN:
SF:src/util/query/index.js
FN:6,(anonymous_0)
FNF:1
FNH:1
FNDA:30,(anonymous_0)
DA:6,30
LF:1
LH:1
BRF:0
BRH:0
end_of_record
TN:
SF:src/util/query/query.helper.js
FN:2,(anonymous_0)
FN:6,(anonymous_1)
FN:10,(anonymous_2)
FN:14,(anonymous_3)
FN:18,(anonymous_4)
FN:22,(anonymous_5)
FN:26,(anonymous_6)
FNF:7
FNH:6
FNDA:90,(anonymous_0)
FNDA:2,(anonymous_1)
FNDA:1,(anonymous_2)
FNDA:1,(anonymous_3)
FNDA:0,(anonymous_4)
FNDA:19,(anonymous_5)
FNDA:3,(anonymous_6)
DA:3,90
DA:7,2
DA:11,1
DA:15,1
DA:19,0
DA:23,19
DA:27,3
LF:7
LH:6
BRF:0
BRH:0
end_of_record
TN:
SF:src/util/query/question.query.js
FN:4,(anonymous_0)
FN:9,(anonymous_1)
FNF:2
FNH:2
FNDA:30,(anonymous_0)
FNDA:2,(anonymous_1)
DA:5,30
DA:6,30
DA:10,2
LF:3
LH:3
BRF:0
BRH:0
end_of_record
TN:
SF:src/util/query/user.query.js
FN:4,(anonymous_0)
FN:9,(anonymous_1)
FN:13,(anonymous_2)
FNF:3
FNH:3
FNDA:30,(anonymous_0)
FNDA:1,(anonymous_1)
FNDA:2,(anonymous_2)
DA:5,30
DA:6,30
DA:10,1
DA:14,2
LF:4
LH:4
BRF:0
BRH:0
end_of_record
TN:
SF:src/validation/answer.validation.js
FN:4,(anonymous_0)
FN:12,(anonymous_1)
FNF:2
FNH:2
FNDA:3,(anonymous_0)
FNDA:3,(anonymous_1)
DA:5,3
DA:13,3
LF:2
LH:2
BRF:0
BRH:0
end_of_record
TN:
SF:src/validation/index.js
FN:6,validate
FN:12,(anonymous_1)
FNF:2
FNH:2
FNDA:16,validate
FNDA:6,(anonymous_1)
DA:7,16
DA:8,16
DA:9,12
DA:11,4
DA:12,6
DA:14,4
DA:20,3
LF:7
LH:7
BRDA:8,0,0,12
BRDA:8,0,1,4
BRF:2
BRH:2
end_of_record
TN:
SF:src/validation/question.validation.js
FN:4,(anonymous_0)
FN:12,(anonymous_1)
FN:20,(anonymous_2)
FN:24,(anonymous_3)
FN:28,(anonymous_4)
FN:32,(anonymous_5)
FNF:6
FNH:4
FNDA:3,(anonymous_0)
FNDA:9,(anonymous_1)
FNDA:0,(anonymous_2)
FNDA:9,(anonymous_3)
FNDA:0,(anonymous_4)
FNDA:3,(anonymous_5)
DA:5,3
DA:13,9
DA:21,0
DA:25,9
DA:29,0
DA:33,3
LF:6
LH:4
BRF:0
BRH:0
end_of_record
TN:
SF:src/validation/user.validation.js
FN:4,(anonymous_0)
FNF:1
FNH:1
FNDA:3,(anonymous_0)
DA:5,3
LF:1
LH:1
BRF:0
BRH:0
end_of_record
